<?xml version="1.0" encoding="UTF-8"?>
<!-- Generated by org.testng.reporters.JUnitXMLReporter -->
<testsuite ignored="0" hostname="DESKTOP-AMS4L05" failures="1" tests="1" name="Default test" time="17.255" errors="0" timestamp="2024-10-21T16:18:21 IST">
  <testcase classname="io.cucumber.testng.AbstractTestNGCucumberTests" name="runScenario" time="13.871">
    <failure type="java.lang.AssertionError" message="expected [No data] but found [Beetroot]">
      <![CDATA[java.lang.AssertionError: expected [No data] but found [Beetroot]
at org.testng.Assert.fail(Assert.java:111)
at org.testng.Assert.failNotEquals(Assert.java:1578)
at org.testng.Assert.assertEqualsImpl(Assert.java:150)
at org.testng.Assert.assertEquals(Assert.java:132)
at org.testng.Assert.assertEquals(Assert.java:656)
at org.testng.Assert.assertEquals(Assert.java:666)
at stepDefinitions.OfferPageStepDefinition.User_search_with_same_shortname_in_offers_page(OfferPageStepDefinition.java:45)
at ✽.User search with Beet same shortname in offers page to check if product exist(file:///C:/Users/manik/eclipse-workspace/cucumberframework/src/test/java/featureFiles/searchProduct.feature:7)
]]>
    </failure>
  </testcase> <!-- runScenario -->
</testsuite> <!-- Default test -->
