<?xml version="1.0" encoding="UTF-8"?>
<!-- Generated by org.testng.reporters.JUnitReportReporter -->
<testsuite hostname="DESKTOP-AMS4L05" failures="1" tests="2" name="CucumberOptions.TestNGTestRunner" time="47.659" errors="0" timestamp="2024-10-22T00:55:37 IST" skipped="0">
  <testcase classname="CucumberOptions.TestNGTestRunner" name="runScenario" time="23.816"/>
  <testcase classname="CucumberOptions.TestNGTestRunner" name="runScenario" time="23.843">
    <failure message="expected [No data] but found [Beetroot]" type="java.lang.AssertionError">
      <![CDATA[java.lang.AssertionError: expected [No data] but found [Beetroot]
at org.testng.Assert.fail(Assert.java:111)
at org.testng.Assert.failNotEquals(Assert.java:1578)
at org.testng.Assert.assertEqualsImpl(Assert.java:150)
at org.testng.Assert.assertEquals(Assert.java:132)
at org.testng.Assert.assertEquals(Assert.java:656)
at org.testng.Assert.assertEquals(Assert.java:666)
at stepDefinitions.OfferPageStepDefinition.User_search_with_same_shortname_in_offers_page(OfferPageStepDefinition.java:45)
at âœ½.User search with Beet same shortname in offers page to check if product exist(file:///C:/Users/manik/eclipse-workspace/cucumberframework/src/test/java/featureFiles/searchProduct.feature:7)
]]>
    </failure>
  </testcase> <!-- runScenario -->
</testsuite> <!-- CucumberOptions.TestNGTestRunner -->
